2022-08-31 13:02:01,549 ERROR - Internal Server Error: /posts/ - /Users/Marina/Code/FinalProjecr/venv/lib/python3.10/site-packages/django/utils/log.py - (<class 'django.template.exceptions.TemplateSyntaxError'>, TemplateSyntaxError('Could not parse the remainder: \'<h3>"Все новости!"</h3>\' from \'<h3>"Все новости!"</h3>\''), <traceback object at 0x110a30f40>)
Traceback (most recent call last):
  File "/Users/Marina/Code/FinalProjecr/venv/lib/python3.10/site-packages/django/core/handlers/exception.py", line 55, in inner
    response = get_response(request)
  File "/Users/Marina/Code/FinalProjecr/venv/lib/python3.10/site-packages/django/core/handlers/base.py", line 220, in _get_response
    response = response.render()
  File "/Users/Marina/Code/FinalProjecr/venv/lib/python3.10/site-packages/django/template/response.py", line 114, in render
    self.content = self.rendered_content
  File "/Users/Marina/Code/FinalProjecr/venv/lib/python3.10/site-packages/django/template/response.py", line 90, in rendered_content
    template = self.resolve_template(self.template_name)
  File "/Users/Marina/Code/FinalProjecr/venv/lib/python3.10/site-packages/django/template/response.py", line 72, in resolve_template
    return select_template(template, using=self.using)
  File "/Users/Marina/Code/FinalProjecr/venv/lib/python3.10/site-packages/django/template/loader.py", line 42, in select_template
    return engine.get_template(template_name)
  File "/Users/Marina/Code/FinalProjecr/venv/lib/python3.10/site-packages/django/template/backends/django.py", line 34, in get_template
    return Template(self.engine.get_template(template_name), self)
  File "/Users/Marina/Code/FinalProjecr/venv/lib/python3.10/site-packages/django/template/engine.py", line 176, in get_template
    template, origin = self.find_template(template_name)
  File "/Users/Marina/Code/FinalProjecr/venv/lib/python3.10/site-packages/django/template/engine.py", line 158, in find_template
    template = loader.get_template(name, skip=skip)
  File "/Users/Marina/Code/FinalProjecr/venv/lib/python3.10/site-packages/django/template/loaders/base.py", line 28, in get_template
    return Template(
  File "/Users/Marina/Code/FinalProjecr/venv/lib/python3.10/site-packages/django/template/base.py", line 154, in __init__
    self.nodelist = self.compile_nodelist()
  File "/Users/Marina/Code/FinalProjecr/venv/lib/python3.10/site-packages/django/template/base.py", line 200, in compile_nodelist
    return parser.parse()
  File "/Users/Marina/Code/FinalProjecr/venv/lib/python3.10/site-packages/django/template/base.py", line 513, in parse
    raise self.error(token, e)
  File "/Users/Marina/Code/FinalProjecr/venv/lib/python3.10/site-packages/django/template/base.py", line 511, in parse
    compiled_result = compile_func(self, token)
  File "/Users/Marina/Code/FinalProjecr/venv/lib/python3.10/site-packages/django/template/loader_tags.py", line 293, in do_extends
    nodelist = parser.parse()
  File "/Users/Marina/Code/FinalProjecr/venv/lib/python3.10/site-packages/django/template/base.py", line 513, in parse
    raise self.error(token, e)
  File "/Users/Marina/Code/FinalProjecr/venv/lib/python3.10/site-packages/django/template/base.py", line 511, in parse
    compiled_result = compile_func(self, token)
  File "/Users/Marina/Code/FinalProjecr/venv/lib/python3.10/site-packages/django/templatetags/cache.py", line 84, in do_cache
    nodelist = parser.parse(("endcache",))
  File "/Users/Marina/Code/FinalProjecr/venv/lib/python3.10/site-packages/django/template/base.py", line 513, in parse
    raise self.error(token, e)
  File "/Users/Marina/Code/FinalProjecr/venv/lib/python3.10/site-packages/django/template/base.py", line 511, in parse
    compiled_result = compile_func(self, token)
  File "/Users/Marina/Code/FinalProjecr/venv/lib/python3.10/site-packages/django/template/loader_tags.py", line 232, in do_block
    nodelist = parser.parse(("endblock",))
  File "/Users/Marina/Code/FinalProjecr/venv/lib/python3.10/site-packages/django/template/base.py", line 513, in parse
    raise self.error(token, e)
  File "/Users/Marina/Code/FinalProjecr/venv/lib/python3.10/site-packages/django/template/base.py", line 511, in parse
    compiled_result = compile_func(self, token)
  File "/Users/Marina/Code/FinalProjecr/venv/lib/python3.10/site-packages/django/templatetags/i18n.py", line 402, in do_translate
    message_string = parser.compile_filter(bits[1])
  File "/Users/Marina/Code/FinalProjecr/venv/lib/python3.10/site-packages/django/template/base.py", line 600, in compile_filter
    return FilterExpression(token, self)
  File "/Users/Marina/Code/FinalProjecr/venv/lib/python3.10/site-packages/django/template/base.py", line 701, in __init__
    raise TemplateSyntaxError(
django.template.exceptions.TemplateSyntaxError: Could not parse the remainder: '<h3>"Все новости!"</h3>' from '<h3>"Все новости!"</h3>'
2022-08-31 13:02:01,550 ERROR - "GET /posts/ HTTP/1.1" 500 242669 - /Users/Marina/Code/FinalProjecr/venv/lib/python3.10/site-packages/django/core/servers/basehttp.py - None
2022-08-31 13:04:11,871 ERROR - Internal Server Error: /posts/ - /Users/Marina/Code/FinalProjecr/venv/lib/python3.10/site-packages/django/utils/log.py - (<class 'django.template.exceptions.TemplateSyntaxError'>, TemplateSyntaxError('Could not parse the remainder: \'<h3>"Все новости!"</h3>\' from \'<h3>"Все новости!"</h3>\''), <traceback object at 0x110653080>)
Traceback (most recent call last):
  File "/Users/Marina/Code/FinalProjecr/venv/lib/python3.10/site-packages/django/core/handlers/exception.py", line 55, in inner
    response = get_response(request)
  File "/Users/Marina/Code/FinalProjecr/venv/lib/python3.10/site-packages/django/core/handlers/base.py", line 220, in _get_response
    response = response.render()
  File "/Users/Marina/Code/FinalProjecr/venv/lib/python3.10/site-packages/django/template/response.py", line 114, in render
    self.content = self.rendered_content
  File "/Users/Marina/Code/FinalProjecr/venv/lib/python3.10/site-packages/django/template/response.py", line 90, in rendered_content
    template = self.resolve_template(self.template_name)
  File "/Users/Marina/Code/FinalProjecr/venv/lib/python3.10/site-packages/django/template/response.py", line 72, in resolve_template
    return select_template(template, using=self.using)
  File "/Users/Marina/Code/FinalProjecr/venv/lib/python3.10/site-packages/django/template/loader.py", line 42, in select_template
    return engine.get_template(template_name)
  File "/Users/Marina/Code/FinalProjecr/venv/lib/python3.10/site-packages/django/template/backends/django.py", line 34, in get_template
    return Template(self.engine.get_template(template_name), self)
  File "/Users/Marina/Code/FinalProjecr/venv/lib/python3.10/site-packages/django/template/engine.py", line 176, in get_template
    template, origin = self.find_template(template_name)
  File "/Users/Marina/Code/FinalProjecr/venv/lib/python3.10/site-packages/django/template/engine.py", line 158, in find_template
    template = loader.get_template(name, skip=skip)
  File "/Users/Marina/Code/FinalProjecr/venv/lib/python3.10/site-packages/django/template/loaders/base.py", line 28, in get_template
    return Template(
  File "/Users/Marina/Code/FinalProjecr/venv/lib/python3.10/site-packages/django/template/base.py", line 154, in __init__
    self.nodelist = self.compile_nodelist()
  File "/Users/Marina/Code/FinalProjecr/venv/lib/python3.10/site-packages/django/template/base.py", line 200, in compile_nodelist
    return parser.parse()
  File "/Users/Marina/Code/FinalProjecr/venv/lib/python3.10/site-packages/django/template/base.py", line 513, in parse
    raise self.error(token, e)
  File "/Users/Marina/Code/FinalProjecr/venv/lib/python3.10/site-packages/django/template/base.py", line 511, in parse
    compiled_result = compile_func(self, token)
  File "/Users/Marina/Code/FinalProjecr/venv/lib/python3.10/site-packages/django/template/loader_tags.py", line 293, in do_extends
    nodelist = parser.parse()
  File "/Users/Marina/Code/FinalProjecr/venv/lib/python3.10/site-packages/django/template/base.py", line 513, in parse
    raise self.error(token, e)
  File "/Users/Marina/Code/FinalProjecr/venv/lib/python3.10/site-packages/django/template/base.py", line 511, in parse
    compiled_result = compile_func(self, token)
  File "/Users/Marina/Code/FinalProjecr/venv/lib/python3.10/site-packages/django/templatetags/cache.py", line 84, in do_cache
    nodelist = parser.parse(("endcache",))
  File "/Users/Marina/Code/FinalProjecr/venv/lib/python3.10/site-packages/django/template/base.py", line 513, in parse
    raise self.error(token, e)
  File "/Users/Marina/Code/FinalProjecr/venv/lib/python3.10/site-packages/django/template/base.py", line 511, in parse
    compiled_result = compile_func(self, token)
  File "/Users/Marina/Code/FinalProjecr/venv/lib/python3.10/site-packages/django/template/loader_tags.py", line 232, in do_block
    nodelist = parser.parse(("endblock",))
  File "/Users/Marina/Code/FinalProjecr/venv/lib/python3.10/site-packages/django/template/base.py", line 513, in parse
    raise self.error(token, e)
  File "/Users/Marina/Code/FinalProjecr/venv/lib/python3.10/site-packages/django/template/base.py", line 511, in parse
    compiled_result = compile_func(self, token)
  File "/Users/Marina/Code/FinalProjecr/venv/lib/python3.10/site-packages/django/templatetags/i18n.py", line 402, in do_translate
    message_string = parser.compile_filter(bits[1])
  File "/Users/Marina/Code/FinalProjecr/venv/lib/python3.10/site-packages/django/template/base.py", line 600, in compile_filter
    return FilterExpression(token, self)
  File "/Users/Marina/Code/FinalProjecr/venv/lib/python3.10/site-packages/django/template/base.py", line 701, in __init__
    raise TemplateSyntaxError(
django.template.exceptions.TemplateSyntaxError: Could not parse the remainder: '<h3>"Все новости!"</h3>' from '<h3>"Все новости!"</h3>'
2022-08-31 13:04:11,875 ERROR - "GET /posts/ HTTP/1.1" 500 242669 - /Users/Marina/Code/FinalProjecr/venv/lib/python3.10/site-packages/django/core/servers/basehttp.py - None
2022-08-31 13:05:03,221 ERROR - Internal Server Error: /posts/ - /Users/Marina/Code/FinalProjecr/venv/lib/python3.10/site-packages/django/utils/log.py - (<class 'django.template.exceptions.TemplateSyntaxError'>, TemplateSyntaxError('Could not parse the remainder: \'<h1>"Последние новости:"</h1>\' from \'<h1>"Последние новости:"</h1>\''), <traceback object at 0x110732900>)
Traceback (most recent call last):
  File "/Users/Marina/Code/FinalProjecr/venv/lib/python3.10/site-packages/django/core/handlers/exception.py", line 55, in inner
    response = get_response(request)
  File "/Users/Marina/Code/FinalProjecr/venv/lib/python3.10/site-packages/django/core/handlers/base.py", line 220, in _get_response
    response = response.render()
  File "/Users/Marina/Code/FinalProjecr/venv/lib/python3.10/site-packages/django/template/response.py", line 114, in render
    self.content = self.rendered_content
  File "/Users/Marina/Code/FinalProjecr/venv/lib/python3.10/site-packages/django/template/response.py", line 90, in rendered_content
    template = self.resolve_template(self.template_name)
  File "/Users/Marina/Code/FinalProjecr/venv/lib/python3.10/site-packages/django/template/response.py", line 72, in resolve_template
    return select_template(template, using=self.using)
  File "/Users/Marina/Code/FinalProjecr/venv/lib/python3.10/site-packages/django/template/loader.py", line 42, in select_template
    return engine.get_template(template_name)
  File "/Users/Marina/Code/FinalProjecr/venv/lib/python3.10/site-packages/django/template/backends/django.py", line 34, in get_template
    return Template(self.engine.get_template(template_name), self)
  File "/Users/Marina/Code/FinalProjecr/venv/lib/python3.10/site-packages/django/template/engine.py", line 176, in get_template
    template, origin = self.find_template(template_name)
  File "/Users/Marina/Code/FinalProjecr/venv/lib/python3.10/site-packages/django/template/engine.py", line 158, in find_template
    template = loader.get_template(name, skip=skip)
  File "/Users/Marina/Code/FinalProjecr/venv/lib/python3.10/site-packages/django/template/loaders/base.py", line 28, in get_template
    return Template(
  File "/Users/Marina/Code/FinalProjecr/venv/lib/python3.10/site-packages/django/template/base.py", line 154, in __init__
    self.nodelist = self.compile_nodelist()
  File "/Users/Marina/Code/FinalProjecr/venv/lib/python3.10/site-packages/django/template/base.py", line 200, in compile_nodelist
    return parser.parse()
  File "/Users/Marina/Code/FinalProjecr/venv/lib/python3.10/site-packages/django/template/base.py", line 513, in parse
    raise self.error(token, e)
  File "/Users/Marina/Code/FinalProjecr/venv/lib/python3.10/site-packages/django/template/base.py", line 511, in parse
    compiled_result = compile_func(self, token)
  File "/Users/Marina/Code/FinalProjecr/venv/lib/python3.10/site-packages/django/template/loader_tags.py", line 293, in do_extends
    nodelist = parser.parse()
  File "/Users/Marina/Code/FinalProjecr/venv/lib/python3.10/site-packages/django/template/base.py", line 513, in parse
    raise self.error(token, e)
  File "/Users/Marina/Code/FinalProjecr/venv/lib/python3.10/site-packages/django/template/base.py", line 511, in parse
    compiled_result = compile_func(self, token)
  File "/Users/Marina/Code/FinalProjecr/venv/lib/python3.10/site-packages/django/template/loader_tags.py", line 232, in do_block
    nodelist = parser.parse(("endblock",))
  File "/Users/Marina/Code/FinalProjecr/venv/lib/python3.10/site-packages/django/template/base.py", line 513, in parse
    raise self.error(token, e)
  File "/Users/Marina/Code/FinalProjecr/venv/lib/python3.10/site-packages/django/template/base.py", line 511, in parse
    compiled_result = compile_func(self, token)
  File "/Users/Marina/Code/FinalProjecr/venv/lib/python3.10/site-packages/django/templatetags/i18n.py", line 402, in do_translate
    message_string = parser.compile_filter(bits[1])
  File "/Users/Marina/Code/FinalProjecr/venv/lib/python3.10/site-packages/django/template/base.py", line 600, in compile_filter
    return FilterExpression(token, self)
  File "/Users/Marina/Code/FinalProjecr/venv/lib/python3.10/site-packages/django/template/base.py", line 701, in __init__
    raise TemplateSyntaxError(
django.template.exceptions.TemplateSyntaxError: Could not parse the remainder: '<h1>"Последние новости:"</h1>' from '<h1>"Последние новости:"</h1>'
2022-08-31 13:05:03,222 ERROR - "GET /posts/ HTTP/1.1" 500 213605 - /Users/Marina/Code/FinalProjecr/venv/lib/python3.10/site-packages/django/core/servers/basehttp.py - None
2022-08-31 16:40:52,940 ERROR - Internal Server Error: / - /Users/Marina/Code/FinalProjecr/venv/lib/python3.10/site-packages/django/utils/log.py - (<class 'django.template.exceptions.TemplateSyntaxError'>, TemplateSyntaxError("Invalid block tag on line 47: 'get_available_languages'. Did you forget to register or load this tag?"), <traceback object at 0x10ea18140>)
Traceback (most recent call last):
  File "/Users/Marina/Code/FinalProjecr/venv/lib/python3.10/site-packages/django/template/base.py", line 505, in parse
    compile_func = self.tags[command]
KeyError: 'get_available_languages'

During handling of the above exception, another exception occurred:

Traceback (most recent call last):
  File "/Users/Marina/Code/FinalProjecr/venv/lib/python3.10/site-packages/django/core/handlers/exception.py", line 55, in inner
    response = get_response(request)
  File "/Users/Marina/Code/FinalProjecr/venv/lib/python3.10/site-packages/django/core/handlers/base.py", line 220, in _get_response
    response = response.render()
  File "/Users/Marina/Code/FinalProjecr/venv/lib/python3.10/site-packages/django/template/response.py", line 114, in render
    self.content = self.rendered_content
  File "/Users/Marina/Code/FinalProjecr/venv/lib/python3.10/site-packages/django/template/response.py", line 92, in rendered_content
    return template.render(context, self._request)
  File "/Users/Marina/Code/FinalProjecr/venv/lib/python3.10/site-packages/django/template/backends/django.py", line 62, in render
    return self.template.render(context)
  File "/Users/Marina/Code/FinalProjecr/venv/lib/python3.10/site-packages/django/template/base.py", line 175, in render
    return self._render(context)
  File "/Users/Marina/Code/FinalProjecr/venv/lib/python3.10/site-packages/django/template/base.py", line 167, in _render
    return self.nodelist.render(context)
  File "/Users/Marina/Code/FinalProjecr/venv/lib/python3.10/site-packages/django/template/base.py", line 1000, in render
    return SafeString("".join([node.render_annotated(context) for node in self]))
  File "/Users/Marina/Code/FinalProjecr/venv/lib/python3.10/site-packages/django/template/base.py", line 1000, in <listcomp>
    return SafeString("".join([node.render_annotated(context) for node in self]))
  File "/Users/Marina/Code/FinalProjecr/venv/lib/python3.10/site-packages/django/template/base.py", line 958, in render_annotated
    return self.render(context)
  File "/Users/Marina/Code/FinalProjecr/venv/lib/python3.10/site-packages/django/template/loader_tags.py", line 132, in render
    compiled_parent = self.get_parent(context)
  File "/Users/Marina/Code/FinalProjecr/venv/lib/python3.10/site-packages/django/template/loader_tags.py", line 129, in get_parent
    return self.find_template(parent, context)
  File "/Users/Marina/Code/FinalProjecr/venv/lib/python3.10/site-packages/django/template/loader_tags.py", line 107, in find_template
    template, origin = context.template.engine.find_template(
  File "/Users/Marina/Code/FinalProjecr/venv/lib/python3.10/site-packages/django/template/engine.py", line 158, in find_template
    template = loader.get_template(name, skip=skip)
  File "/Users/Marina/Code/FinalProjecr/venv/lib/python3.10/site-packages/django/template/loaders/base.py", line 28, in get_template
    return Template(
  File "/Users/Marina/Code/FinalProjecr/venv/lib/python3.10/site-packages/django/template/base.py", line 154, in __init__
    self.nodelist = self.compile_nodelist()
  File "/Users/Marina/Code/FinalProjecr/venv/lib/python3.10/site-packages/django/template/base.py", line 200, in compile_nodelist
    return parser.parse()
  File "/Users/Marina/Code/FinalProjecr/venv/lib/python3.10/site-packages/django/template/base.py", line 507, in parse
    self.invalid_block_tag(token, command, parse_until)
  File "/Users/Marina/Code/FinalProjecr/venv/lib/python3.10/site-packages/django/template/base.py", line 568, in invalid_block_tag
    raise self.error(
django.template.exceptions.TemplateSyntaxError: Invalid block tag on line 47: 'get_available_languages'. Did you forget to register or load this tag?
2022-08-31 16:40:52,945 ERROR - "GET / HTTP/1.1" 500 171536 - /Users/Marina/Code/FinalProjecr/venv/lib/python3.10/site-packages/django/core/servers/basehttp.py - None
2022-08-31 16:42:11,572 ERROR - Internal Server Error: / - /Users/Marina/Code/FinalProjecr/venv/lib/python3.10/site-packages/django/utils/log.py - (<class 'django.urls.exceptions.NoReverseMatch'>, NoReverseMatch("Reverse for 'set_language' not found. 'set_language' is not a valid view function or pattern name."), <traceback object at 0x10ebb1200>)
Traceback (most recent call last):
  File "/Users/Marina/Code/FinalProjecr/venv/lib/python3.10/site-packages/django/core/handlers/exception.py", line 55, in inner
    response = get_response(request)
  File "/Users/Marina/Code/FinalProjecr/venv/lib/python3.10/site-packages/django/core/handlers/base.py", line 220, in _get_response
    response = response.render()
  File "/Users/Marina/Code/FinalProjecr/venv/lib/python3.10/site-packages/django/template/response.py", line 114, in render
    self.content = self.rendered_content
  File "/Users/Marina/Code/FinalProjecr/venv/lib/python3.10/site-packages/django/template/response.py", line 92, in rendered_content
    return template.render(context, self._request)
  File "/Users/Marina/Code/FinalProjecr/venv/lib/python3.10/site-packages/django/template/backends/django.py", line 62, in render
    return self.template.render(context)
  File "/Users/Marina/Code/FinalProjecr/venv/lib/python3.10/site-packages/django/template/base.py", line 175, in render
    return self._render(context)
  File "/Users/Marina/Code/FinalProjecr/venv/lib/python3.10/site-packages/django/template/base.py", line 167, in _render
    return self.nodelist.render(context)
  File "/Users/Marina/Code/FinalProjecr/venv/lib/python3.10/site-packages/django/template/base.py", line 1000, in render
    return SafeString("".join([node.render_annotated(context) for node in self]))
  File "/Users/Marina/Code/FinalProjecr/venv/lib/python3.10/site-packages/django/template/base.py", line 1000, in <listcomp>
    return SafeString("".join([node.render_annotated(context) for node in self]))
  File "/Users/Marina/Code/FinalProjecr/venv/lib/python3.10/site-packages/django/template/base.py", line 958, in render_annotated
    return self.render(context)
  File "/Users/Marina/Code/FinalProjecr/venv/lib/python3.10/site-packages/django/template/loader_tags.py", line 157, in render
    return compiled_parent._render(context)
  File "/Users/Marina/Code/FinalProjecr/venv/lib/python3.10/site-packages/django/template/base.py", line 167, in _render
    return self.nodelist.render(context)
  File "/Users/Marina/Code/FinalProjecr/venv/lib/python3.10/site-packages/django/template/base.py", line 1000, in render
    return SafeString("".join([node.render_annotated(context) for node in self]))
  File "/Users/Marina/Code/FinalProjecr/venv/lib/python3.10/site-packages/django/template/base.py", line 1000, in <listcomp>
    return SafeString("".join([node.render_annotated(context) for node in self]))
  File "/Users/Marina/Code/FinalProjecr/venv/lib/python3.10/site-packages/django/template/base.py", line 958, in render_annotated
    return self.render(context)
  File "/Users/Marina/Code/FinalProjecr/venv/lib/python3.10/site-packages/django/template/defaulttags.py", line 472, in render
    url = reverse(view_name, args=args, kwargs=kwargs, current_app=current_app)
  File "/Users/Marina/Code/FinalProjecr/venv/lib/python3.10/site-packages/django/urls/base.py", line 88, in reverse
    return resolver._reverse_with_prefix(view, prefix, *args, **kwargs)
  File "/Users/Marina/Code/FinalProjecr/venv/lib/python3.10/site-packages/django/urls/resolvers.py", line 802, in _reverse_with_prefix
    raise NoReverseMatch(msg)
django.urls.exceptions.NoReverseMatch: Reverse for 'set_language' not found. 'set_language' is not a valid view function or pattern name.
2022-08-31 16:42:11,592 ERROR - "GET / HTTP/1.1" 500 139979 - /Users/Marina/Code/FinalProjecr/venv/lib/python3.10/site-packages/django/core/servers/basehttp.py - None
2022-09-04 13:33:18,627 ERROR - Internal Server Error: /admin/NewsPortal/post/add/ - /Users/Marina/Code/FinalProjecr/venv/lib/python3.10/site-packages/django/utils/log.py - (<class 'TypeError'>, TypeError("after_post_create() missing 1 required positional argument: 'action'"), <traceback object at 0x10c966580>)
Traceback (most recent call last):
  File "/Users/Marina/Code/FinalProjecr/venv/lib/python3.10/site-packages/django/core/handlers/exception.py", line 55, in inner
    response = get_response(request)
  File "/Users/Marina/Code/FinalProjecr/venv/lib/python3.10/site-packages/django/core/handlers/base.py", line 197, in _get_response
    response = wrapped_callback(request, *callback_args, **callback_kwargs)
  File "/Users/Marina/Code/FinalProjecr/venv/lib/python3.10/site-packages/django/contrib/admin/options.py", line 683, in wrapper
    return self.admin_site.admin_view(view)(*args, **kwargs)
  File "/Users/Marina/Code/FinalProjecr/venv/lib/python3.10/site-packages/django/utils/decorators.py", line 133, in _wrapped_view
    response = view_func(request, *args, **kwargs)
  File "/Users/Marina/Code/FinalProjecr/venv/lib/python3.10/site-packages/django/views/decorators/cache.py", line 62, in _wrapped_view_func
    response = view_func(request, *args, **kwargs)
  File "/Users/Marina/Code/FinalProjecr/venv/lib/python3.10/site-packages/django/contrib/admin/sites.py", line 242, in inner
    return view(request, *args, **kwargs)
  File "/Users/Marina/Code/FinalProjecr/venv/lib/python3.10/site-packages/django/contrib/admin/options.py", line 1885, in add_view
    return self.changeform_view(request, None, form_url, extra_context)
  File "/Users/Marina/Code/FinalProjecr/venv/lib/python3.10/site-packages/django/utils/decorators.py", line 46, in _wrapper
    return bound_method(*args, **kwargs)
  File "/Users/Marina/Code/FinalProjecr/venv/lib/python3.10/site-packages/django/utils/decorators.py", line 133, in _wrapped_view
    response = view_func(request, *args, **kwargs)
  File "/Users/Marina/Code/FinalProjecr/venv/lib/python3.10/site-packages/django/contrib/admin/options.py", line 1745, in changeform_view
    return self._changeform_view(request, object_id, form_url, extra_context)
  File "/Users/Marina/Code/FinalProjecr/venv/lib/python3.10/site-packages/django/contrib/admin/options.py", line 1797, in _changeform_view
    self.save_model(request, new_object, form, not add)
  File "/Users/Marina/Code/FinalProjecr/venv/lib/python3.10/site-packages/django/contrib/admin/options.py", line 1220, in save_model
    obj.save()
  File "/Users/Marina/Code/FinalProjecr/NewsPaper/NewsPortal/models.py", line 82, in save
    super().save(*args, **kwargs) # сначала вызываем метод родителя, чтобы объект сохранился
  File "/Users/Marina/Code/FinalProjecr/venv/lib/python3.10/site-packages/django/db/models/base.py", line 806, in save
    self.save_base(
  File "/Users/Marina/Code/FinalProjecr/venv/lib/python3.10/site-packages/django/db/models/base.py", line 872, in save_base
    post_save.send(
  File "/Users/Marina/Code/FinalProjecr/venv/lib/python3.10/site-packages/django/dispatch/dispatcher.py", line 176, in send
    return [
  File "/Users/Marina/Code/FinalProjecr/venv/lib/python3.10/site-packages/django/dispatch/dispatcher.py", line 177, in <listcomp>
    (receiver, receiver(signal=self, sender=sender, **named))
TypeError: after_post_create() missing 1 required positional argument: 'action'
2022-09-04 13:33:18,630 ERROR - "POST /admin/NewsPortal/post/add/ HTTP/1.1" 500 135701 - /Users/Marina/Code/FinalProjecr/venv/lib/python3.10/site-packages/django/core/servers/basehttp.py - None
2022-09-04 13:39:59,221 ERROR - Internal Server Error: /posts/create/ - /Users/Marina/Code/FinalProjecr/venv/lib/python3.10/site-packages/django/utils/log.py - (<class 'TypeError'>, TypeError("after_post_create() missing 1 required positional argument: 'action'"), <traceback object at 0x10c8a37c0>)
Traceback (most recent call last):
  File "/Users/Marina/Code/FinalProjecr/venv/lib/python3.10/site-packages/django/core/handlers/exception.py", line 55, in inner
    response = get_response(request)
  File "/Users/Marina/Code/FinalProjecr/venv/lib/python3.10/site-packages/django/core/handlers/base.py", line 197, in _get_response
    response = wrapped_callback(request, *callback_args, **callback_kwargs)
  File "/Users/Marina/Code/FinalProjecr/venv/lib/python3.10/site-packages/django/views/generic/base.py", line 84, in view
    return self.dispatch(request, *args, **kwargs)
  File "/Users/Marina/Code/FinalProjecr/venv/lib/python3.10/site-packages/django/contrib/auth/mixins.py", line 109, in dispatch
    return super().dispatch(request, *args, **kwargs)
  File "/Users/Marina/Code/FinalProjecr/venv/lib/python3.10/site-packages/django/views/generic/base.py", line 119, in dispatch
    return handler(request, *args, **kwargs)
  File "/Users/Marina/Code/FinalProjecr/venv/lib/python3.10/site-packages/django/views/generic/edit.py", line 184, in post
    return super().post(request, *args, **kwargs)
  File "/Users/Marina/Code/FinalProjecr/venv/lib/python3.10/site-packages/django/views/generic/edit.py", line 153, in post
    return self.form_valid(form)
  File "/Users/Marina/Code/FinalProjecr/venv/lib/python3.10/site-packages/django/views/generic/edit.py", line 135, in form_valid
    self.object = form.save()
  File "/Users/Marina/Code/FinalProjecr/venv/lib/python3.10/site-packages/django/forms/models.py", line 548, in save
    self.instance.save()
  File "/Users/Marina/Code/FinalProjecr/NewsPaper/NewsPortal/models.py", line 82, in save
    super().save(*args, **kwargs) # сначала вызываем метод родителя, чтобы объект сохранился
  File "/Users/Marina/Code/FinalProjecr/venv/lib/python3.10/site-packages/django/db/models/base.py", line 806, in save
    self.save_base(
  File "/Users/Marina/Code/FinalProjecr/venv/lib/python3.10/site-packages/django/db/models/base.py", line 872, in save_base
    post_save.send(
  File "/Users/Marina/Code/FinalProjecr/venv/lib/python3.10/site-packages/django/dispatch/dispatcher.py", line 176, in send
    return [
  File "/Users/Marina/Code/FinalProjecr/venv/lib/python3.10/site-packages/django/dispatch/dispatcher.py", line 177, in <listcomp>
    (receiver, receiver(signal=self, sender=sender, **named))
TypeError: after_post_create() missing 1 required positional argument: 'action'
2022-09-04 13:39:59,224 ERROR - "POST /posts/create/ HTTP/1.1" 500 114578 - /Users/Marina/Code/FinalProjecr/venv/lib/python3.10/site-packages/django/core/servers/basehttp.py - None
2022-09-04 13:42:48,831 ERROR - Internal Server Error: /admin/NewsPortal/post/add/ - /Users/Marina/Code/FinalProjecr/venv/lib/python3.10/site-packages/django/utils/log.py - (<class 'TypeError'>, TypeError("after_post_create() missing 1 required positional argument: 'action'"), <traceback object at 0x10c898b40>)
Traceback (most recent call last):
  File "/Users/Marina/Code/FinalProjecr/venv/lib/python3.10/site-packages/django/core/handlers/exception.py", line 55, in inner
    response = get_response(request)
  File "/Users/Marina/Code/FinalProjecr/venv/lib/python3.10/site-packages/django/core/handlers/base.py", line 197, in _get_response
    response = wrapped_callback(request, *callback_args, **callback_kwargs)
  File "/Users/Marina/Code/FinalProjecr/venv/lib/python3.10/site-packages/django/contrib/admin/options.py", line 683, in wrapper
    return self.admin_site.admin_view(view)(*args, **kwargs)
  File "/Users/Marina/Code/FinalProjecr/venv/lib/python3.10/site-packages/django/utils/decorators.py", line 133, in _wrapped_view
    response = view_func(request, *args, **kwargs)
  File "/Users/Marina/Code/FinalProjecr/venv/lib/python3.10/site-packages/django/views/decorators/cache.py", line 62, in _wrapped_view_func
    response = view_func(request, *args, **kwargs)
  File "/Users/Marina/Code/FinalProjecr/venv/lib/python3.10/site-packages/django/contrib/admin/sites.py", line 242, in inner
    return view(request, *args, **kwargs)
  File "/Users/Marina/Code/FinalProjecr/venv/lib/python3.10/site-packages/django/contrib/admin/options.py", line 1885, in add_view
    return self.changeform_view(request, None, form_url, extra_context)
  File "/Users/Marina/Code/FinalProjecr/venv/lib/python3.10/site-packages/django/utils/decorators.py", line 46, in _wrapper
    return bound_method(*args, **kwargs)
  File "/Users/Marina/Code/FinalProjecr/venv/lib/python3.10/site-packages/django/utils/decorators.py", line 133, in _wrapped_view
    response = view_func(request, *args, **kwargs)
  File "/Users/Marina/Code/FinalProjecr/venv/lib/python3.10/site-packages/django/contrib/admin/options.py", line 1745, in changeform_view
    return self._changeform_view(request, object_id, form_url, extra_context)
  File "/Users/Marina/Code/FinalProjecr/venv/lib/python3.10/site-packages/django/contrib/admin/options.py", line 1797, in _changeform_view
    self.save_model(request, new_object, form, not add)
  File "/Users/Marina/Code/FinalProjecr/venv/lib/python3.10/site-packages/django/contrib/admin/options.py", line 1220, in save_model
    obj.save()
  File "/Users/Marina/Code/FinalProjecr/NewsPaper/NewsPortal/models.py", line 82, in save
    super().save(*args, **kwargs) # сначала вызываем метод родителя, чтобы объект сохранился
  File "/Users/Marina/Code/FinalProjecr/venv/lib/python3.10/site-packages/django/db/models/base.py", line 806, in save
    self.save_base(
  File "/Users/Marina/Code/FinalProjecr/venv/lib/python3.10/site-packages/django/db/models/base.py", line 872, in save_base
    post_save.send(
  File "/Users/Marina/Code/FinalProjecr/venv/lib/python3.10/site-packages/django/dispatch/dispatcher.py", line 176, in send
    return [
  File "/Users/Marina/Code/FinalProjecr/venv/lib/python3.10/site-packages/django/dispatch/dispatcher.py", line 177, in <listcomp>
    (receiver, receiver(signal=self, sender=sender, **named))
TypeError: after_post_create() missing 1 required positional argument: 'action'
2022-09-04 13:42:48,852 ERROR - "POST /admin/NewsPortal/post/add/ HTTP/1.1" 500 135701 - /Users/Marina/Code/FinalProjecr/venv/lib/python3.10/site-packages/django/core/servers/basehttp.py - None
2022-09-04 13:55:37,441 ERROR - Internal Server Error: /admin/NewsPortal/post/add/ - /Users/Marina/Code/FinalProjecr/venv/lib/python3.10/site-packages/django/utils/log.py - (<class 'TypeError'>, TypeError("after_post_create() missing 1 required positional argument: 'action'"), <traceback object at 0x10f10cd80>)
Traceback (most recent call last):
  File "/Users/Marina/Code/FinalProjecr/venv/lib/python3.10/site-packages/django/core/handlers/exception.py", line 55, in inner
    response = get_response(request)
  File "/Users/Marina/Code/FinalProjecr/venv/lib/python3.10/site-packages/django/core/handlers/base.py", line 197, in _get_response
    response = wrapped_callback(request, *callback_args, **callback_kwargs)
  File "/Users/Marina/Code/FinalProjecr/venv/lib/python3.10/site-packages/django/contrib/admin/options.py", line 683, in wrapper
    return self.admin_site.admin_view(view)(*args, **kwargs)
  File "/Users/Marina/Code/FinalProjecr/venv/lib/python3.10/site-packages/django/utils/decorators.py", line 133, in _wrapped_view
    response = view_func(request, *args, **kwargs)
  File "/Users/Marina/Code/FinalProjecr/venv/lib/python3.10/site-packages/django/views/decorators/cache.py", line 62, in _wrapped_view_func
    response = view_func(request, *args, **kwargs)
  File "/Users/Marina/Code/FinalProjecr/venv/lib/python3.10/site-packages/django/contrib/admin/sites.py", line 242, in inner
    return view(request, *args, **kwargs)
  File "/Users/Marina/Code/FinalProjecr/venv/lib/python3.10/site-packages/django/contrib/admin/options.py", line 1885, in add_view
    return self.changeform_view(request, None, form_url, extra_context)
  File "/Users/Marina/Code/FinalProjecr/venv/lib/python3.10/site-packages/django/utils/decorators.py", line 46, in _wrapper
    return bound_method(*args, **kwargs)
  File "/Users/Marina/Code/FinalProjecr/venv/lib/python3.10/site-packages/django/utils/decorators.py", line 133, in _wrapped_view
    response = view_func(request, *args, **kwargs)
  File "/Users/Marina/Code/FinalProjecr/venv/lib/python3.10/site-packages/django/contrib/admin/options.py", line 1745, in changeform_view
    return self._changeform_view(request, object_id, form_url, extra_context)
  File "/Users/Marina/Code/FinalProjecr/venv/lib/python3.10/site-packages/django/contrib/admin/options.py", line 1797, in _changeform_view
    self.save_model(request, new_object, form, not add)
  File "/Users/Marina/Code/FinalProjecr/venv/lib/python3.10/site-packages/django/contrib/admin/options.py", line 1220, in save_model
    obj.save()
  File "/Users/Marina/Code/FinalProjecr/NewsPaper/NewsPortal/models.py", line 82, in save
    super().save(*args, **kwargs) # сначала вызываем метод родителя, чтобы объект сохранился
  File "/Users/Marina/Code/FinalProjecr/venv/lib/python3.10/site-packages/django/db/models/base.py", line 806, in save
    self.save_base(
  File "/Users/Marina/Code/FinalProjecr/venv/lib/python3.10/site-packages/django/db/models/base.py", line 872, in save_base
    post_save.send(
  File "/Users/Marina/Code/FinalProjecr/venv/lib/python3.10/site-packages/django/dispatch/dispatcher.py", line 176, in send
    return [
  File "/Users/Marina/Code/FinalProjecr/venv/lib/python3.10/site-packages/django/dispatch/dispatcher.py", line 177, in <listcomp>
    (receiver, receiver(signal=self, sender=sender, **named))
TypeError: after_post_create() missing 1 required positional argument: 'action'
2022-09-04 13:55:37,447 ERROR - "POST /admin/NewsPortal/post/add/ HTTP/1.1" 500 135701 - /Users/Marina/Code/FinalProjecr/venv/lib/python3.10/site-packages/django/core/servers/basehttp.py - None
2022-09-04 14:45:19,987 ERROR - Internal Server Error: /posts/delete/32 - /Users/Marina/Code/FinalProjecr/venv/lib/python3.10/site-packages/django/utils/log.py - (<class 'django.template.exceptions.TemplateSyntaxError'>, TemplateSyntaxError('Could not parse the remainder: \'{{\' from \'"<p>Удаляем "{{\''), <traceback object at 0x10d5f79c0>)
Traceback (most recent call last):
  File "/Users/Marina/Code/FinalProjecr/venv/lib/python3.10/site-packages/django/core/handlers/exception.py", line 55, in inner
    response = get_response(request)
  File "/Users/Marina/Code/FinalProjecr/venv/lib/python3.10/site-packages/django/core/handlers/base.py", line 220, in _get_response
    response = response.render()
  File "/Users/Marina/Code/FinalProjecr/venv/lib/python3.10/site-packages/django/template/response.py", line 114, in render
    self.content = self.rendered_content
  File "/Users/Marina/Code/FinalProjecr/venv/lib/python3.10/site-packages/django/template/response.py", line 90, in rendered_content
    template = self.resolve_template(self.template_name)
  File "/Users/Marina/Code/FinalProjecr/venv/lib/python3.10/site-packages/django/template/response.py", line 72, in resolve_template
    return select_template(template, using=self.using)
  File "/Users/Marina/Code/FinalProjecr/venv/lib/python3.10/site-packages/django/template/loader.py", line 42, in select_template
    return engine.get_template(template_name)
  File "/Users/Marina/Code/FinalProjecr/venv/lib/python3.10/site-packages/django/template/backends/django.py", line 34, in get_template
    return Template(self.engine.get_template(template_name), self)
  File "/Users/Marina/Code/FinalProjecr/venv/lib/python3.10/site-packages/django/template/engine.py", line 176, in get_template
    template, origin = self.find_template(template_name)
  File "/Users/Marina/Code/FinalProjecr/venv/lib/python3.10/site-packages/django/template/engine.py", line 158, in find_template
    template = loader.get_template(name, skip=skip)
  File "/Users/Marina/Code/FinalProjecr/venv/lib/python3.10/site-packages/django/template/loaders/base.py", line 28, in get_template
    return Template(
  File "/Users/Marina/Code/FinalProjecr/venv/lib/python3.10/site-packages/django/template/base.py", line 154, in __init__
    self.nodelist = self.compile_nodelist()
  File "/Users/Marina/Code/FinalProjecr/venv/lib/python3.10/site-packages/django/template/base.py", line 200, in compile_nodelist
    return parser.parse()
  File "/Users/Marina/Code/FinalProjecr/venv/lib/python3.10/site-packages/django/template/base.py", line 513, in parse
    raise self.error(token, e)
  File "/Users/Marina/Code/FinalProjecr/venv/lib/python3.10/site-packages/django/template/base.py", line 511, in parse
    compiled_result = compile_func(self, token)
  File "/Users/Marina/Code/FinalProjecr/venv/lib/python3.10/site-packages/django/template/loader_tags.py", line 293, in do_extends
    nodelist = parser.parse()
  File "/Users/Marina/Code/FinalProjecr/venv/lib/python3.10/site-packages/django/template/base.py", line 513, in parse
    raise self.error(token, e)
  File "/Users/Marina/Code/FinalProjecr/venv/lib/python3.10/site-packages/django/template/base.py", line 511, in parse
    compiled_result = compile_func(self, token)
  File "/Users/Marina/Code/FinalProjecr/venv/lib/python3.10/site-packages/django/template/loader_tags.py", line 232, in do_block
    nodelist = parser.parse(("endblock",))
  File "/Users/Marina/Code/FinalProjecr/venv/lib/python3.10/site-packages/django/template/base.py", line 513, in parse
    raise self.error(token, e)
  File "/Users/Marina/Code/FinalProjecr/venv/lib/python3.10/site-packages/django/template/base.py", line 511, in parse
    compiled_result = compile_func(self, token)
  File "/Users/Marina/Code/FinalProjecr/venv/lib/python3.10/site-packages/django/templatetags/i18n.py", line 402, in do_translate
    message_string = parser.compile_filter(bits[1])
  File "/Users/Marina/Code/FinalProjecr/venv/lib/python3.10/site-packages/django/template/base.py", line 600, in compile_filter
    return FilterExpression(token, self)
  File "/Users/Marina/Code/FinalProjecr/venv/lib/python3.10/site-packages/django/template/base.py", line 701, in __init__
    raise TemplateSyntaxError(
django.template.exceptions.TemplateSyntaxError: Could not parse the remainder: '{{' from '"<p>Удаляем "{{'
2022-09-04 14:45:20,002 ERROR - "GET /posts/delete/32 HTTP/1.1" 500 163818 - /Users/Marina/Code/FinalProjecr/venv/lib/python3.10/site-packages/django/core/servers/basehttp.py - None
2022-09-04 17:15:56,957 ERROR - Internal Server Error: /posts/ - /Users/Marina/Code/FinalProjecr/venv/lib/python3.10/site-packages/django/utils/log.py - (<class 'AttributeError'>, AttributeError("'PostList' object has no attribute 'object_list'"), <traceback object at 0x10e5c7780>)
Traceback (most recent call last):
  File "/Users/Marina/Code/FinalProjecr/venv/lib/python3.10/site-packages/django/core/handlers/exception.py", line 55, in inner
    response = get_response(request)
  File "/Users/Marina/Code/FinalProjecr/venv/lib/python3.10/site-packages/django/core/handlers/base.py", line 197, in _get_response
    response = wrapped_callback(request, *callback_args, **callback_kwargs)
  File "/Users/Marina/Code/FinalProjecr/venv/lib/python3.10/site-packages/django/utils/decorators.py", line 133, in _wrapped_view
    response = view_func(request, *args, **kwargs)
  File "/Users/Marina/Code/FinalProjecr/venv/lib/python3.10/site-packages/django/views/generic/base.py", line 84, in view
    return self.dispatch(request, *args, **kwargs)
  File "/Users/Marina/Code/FinalProjecr/venv/lib/python3.10/site-packages/django/views/generic/base.py", line 119, in dispatch
    return handler(request, *args, **kwargs)
  File "/Users/Marina/Code/FinalProjecr/NewsPaper/NewsPortal/views.py", line 49, in get
    context = super().get_context_data(**kwargs)
  File "/Users/Marina/Code/FinalProjecr/venv/lib/python3.10/site-packages/django/views/generic/list.py", line 124, in get_context_data
    queryset = object_list if object_list is not None else self.object_list
AttributeError: 'PostList' object has no attribute 'object_list'
2022-09-04 17:15:56,959 ERROR - "GET /posts/ HTTP/1.1" 500 81961 - /Users/Marina/Code/FinalProjecr/venv/lib/python3.10/site-packages/django/core/servers/basehttp.py - None
